This is pdfTeX, Version 3.14159265-2.6-1.40.20 (TeX Live 2019/Debian) (preloaded format=pdflatex 2020.10.1)  27 NOV 2020 16:00
entering extended mode
 restricted \write18 enabled.
 %&-line parsing enabled.
**Practica2Memoria.tex
(./Practica2Memoria.tex
LaTeX2e <2020-02-02> patch level 2
L3 programming layer <2020-02-14>
(/usr/share/texlive/texmf-dist/tex/latex/base/article.cls
Document Class: article 2019/12/20 v1.4l Standard LaTeX document class
(/usr/share/texlive/texmf-dist/tex/latex/base/size12.clo
File: size12.clo 2019/12/20 v1.4l Standard LaTeX file (size option)
)
\c@part=\count167
\c@section=\count168
\c@subsection=\count169
\c@subsubsection=\count170
\c@paragraph=\count171
\c@subparagraph=\count172
\c@figure=\count173
\c@table=\count174
\abovecaptionskip=\skip47
\belowcaptionskip=\skip48
\bibindent=\dimen134
)
(/usr/share/texlive/texmf-dist/tex/latex/geometry/geometry.sty
Package: geometry 2020/01/02 v5.9 Page Geometry

(/usr/share/texlive/texmf-dist/tex/latex/graphics/keyval.sty
Package: keyval 2014/10/28 v1.15 key=value parser (DPC)
\KV@toks@=\toks14
)
(/usr/share/texlive/texmf-dist/tex/generic/iftex/ifvtex.sty
Package: ifvtex 2019/10/25 v1.7 ifvtex legacy package. Use iftex instead.

(/usr/share/texlive/texmf-dist/tex/generic/iftex/iftex.sty
Package: iftex 2019/11/07 v1.0c TeX engine tests
))
\Gm@cnth=\count175
\Gm@cntv=\count176
\c@Gm@tempcnt=\count177
\Gm@bindingoffset=\dimen135
\Gm@wd@mp=\dimen136
\Gm@odd@mp=\dimen137
\Gm@even@mp=\dimen138
\Gm@layoutwidth=\dimen139
\Gm@layoutheight=\dimen140
\Gm@layouthoffset=\dimen141
\Gm@layoutvoffset=\dimen142
\Gm@dimlist=\toks15
)
(/usr/share/texlive/texmf-dist/tex/latex/amsmath/amsmath.sty
Package: amsmath 2020/01/20 v2.17e AMS math features
\@mathmargin=\skip49

For additional information on amsmath, use the `?' option.
(/usr/share/texlive/texmf-dist/tex/latex/amsmath/amstext.sty
Package: amstext 2000/06/29 v2.01 AMS text

(/usr/share/texlive/texmf-dist/tex/latex/amsmath/amsgen.sty
File: amsgen.sty 1999/11/30 v2.0 generic functions
\@emptytoks=\toks16
\ex@=\dimen143
))
(/usr/share/texlive/texmf-dist/tex/latex/amsmath/amsbsy.sty
Package: amsbsy 1999/11/29 v1.2d Bold Symbols
\pmbraise@=\dimen144
)
(/usr/share/texlive/texmf-dist/tex/latex/amsmath/amsopn.sty
Package: amsopn 2016/03/08 v2.02 operator names
)
\inf@bad=\count178
LaTeX Info: Redefining \frac on input line 227.
\uproot@=\count179
\leftroot@=\count180
LaTeX Info: Redefining \overline on input line 389.
\classnum@=\count181
\DOTSCASE@=\count182
LaTeX Info: Redefining \ldots on input line 486.
LaTeX Info: Redefining \dots on input line 489.
LaTeX Info: Redefining \cdots on input line 610.
\Mathstrutbox@=\box45
\strutbox@=\box46
\big@size=\dimen145
LaTeX Font Info:    Redeclaring font encoding OML on input line 733.
LaTeX Font Info:    Redeclaring font encoding OMS on input line 734.
\macc@depth=\count183
\c@MaxMatrixCols=\count184
\dotsspace@=\muskip16
\c@parentequation=\count185
\dspbrk@lvl=\count186
\tag@help=\toks17
\row@=\count187
\column@=\count188
\maxfields@=\count189
\andhelp@=\toks18
\eqnshift@=\dimen146
\alignsep@=\dimen147
\tagshift@=\dimen148
\tagwidth@=\dimen149
\totwidth@=\dimen150
\lineht@=\dimen151
\@envbody=\toks19
\multlinegap=\skip50
\multlinetaggap=\skip51
\mathdisplay@stack=\toks20
LaTeX Info: Redefining \[ on input line 2859.
LaTeX Info: Redefining \] on input line 2860.
)
(/usr/share/texlive/texmf-dist/tex/latex/amscls/amsthm.sty
Package: amsthm 2017/10/31 v2.20.4
\thm@style=\toks21
\thm@bodyfont=\toks22
\thm@headfont=\toks23
\thm@notefont=\toks24
\thm@headpunct=\toks25
\thm@preskip=\skip52
\thm@postskip=\skip53
\thm@headsep=\skip54
\dth@everypar=\toks26
)
(/usr/share/texlive/texmf-dist/tex/latex/amsfonts/amssymb.sty
Package: amssymb 2013/01/14 v3.01 AMS font symbols

(/usr/share/texlive/texmf-dist/tex/latex/amsfonts/amsfonts.sty
Package: amsfonts 2013/01/14 v3.01 Basic AMSFonts support
\symAMSa=\mathgroup4
\symAMSb=\mathgroup5
LaTeX Font Info:    Redeclaring math symbol \hbar on input line 98.
LaTeX Font Info:    Overwriting math alphabet `\mathfrak' in version `bold'
(Font)                  U/euf/m/n --> U/euf/b/n on input line 106.
))
(/usr/share/texlive/texmf-dist/tex/latex/base/inputenc.sty
Package: inputenc 2018/08/11 v1.3c Input encoding file
\inpenc@prehook=\toks27
\inpenc@posthook=\toks28
)
(/usr/share/texlive/texmf-dist/tex/latex/base/fontenc.sty
Package: fontenc 2020/02/11 v2.0o Standard LaTeX package
)
(/usr/share/texmf/tex/latex/lm/lmodern.sty
Package: lmodern 2009/10/30 v1.6 Latin Modern Fonts
LaTeX Font Info:    Overwriting symbol font `operators' in version `normal'
(Font)                  OT1/cmr/m/n --> OT1/lmr/m/n on input line 22.
LaTeX Font Info:    Overwriting symbol font `letters' in version `normal'
(Font)                  OML/cmm/m/it --> OML/lmm/m/it on input line 23.
LaTeX Font Info:    Overwriting symbol font `symbols' in version `normal'
(Font)                  OMS/cmsy/m/n --> OMS/lmsy/m/n on input line 24.
LaTeX Font Info:    Overwriting symbol font `largesymbols' in version `normal'
(Font)                  OMX/cmex/m/n --> OMX/lmex/m/n on input line 25.
LaTeX Font Info:    Overwriting symbol font `operators' in version `bold'
(Font)                  OT1/cmr/bx/n --> OT1/lmr/bx/n on input line 26.
LaTeX Font Info:    Overwriting symbol font `letters' in version `bold'
(Font)                  OML/cmm/b/it --> OML/lmm/b/it on input line 27.
LaTeX Font Info:    Overwriting symbol font `symbols' in version `bold'
(Font)                  OMS/cmsy/b/n --> OMS/lmsy/b/n on input line 28.
LaTeX Font Info:    Overwriting symbol font `largesymbols' in version `bold'
(Font)                  OMX/cmex/m/n --> OMX/lmex/m/n on input line 29.
LaTeX Font Info:    Overwriting math alphabet `\mathbf' in version `normal'
(Font)                  OT1/cmr/bx/n --> OT1/lmr/bx/n on input line 31.
LaTeX Font Info:    Overwriting math alphabet `\mathsf' in version `normal'
(Font)                  OT1/cmss/m/n --> OT1/lmss/m/n on input line 32.
LaTeX Font Info:    Overwriting math alphabet `\mathit' in version `normal'
(Font)                  OT1/cmr/m/it --> OT1/lmr/m/it on input line 33.
LaTeX Font Info:    Overwriting math alphabet `\mathtt' in version `normal'
(Font)                  OT1/cmtt/m/n --> OT1/lmtt/m/n on input line 34.
LaTeX Font Info:    Overwriting math alphabet `\mathbf' in version `bold'
(Font)                  OT1/cmr/bx/n --> OT1/lmr/bx/n on input line 35.
LaTeX Font Info:    Overwriting math alphabet `\mathsf' in version `bold'
(Font)                  OT1/cmss/bx/n --> OT1/lmss/bx/n on input line 36.
LaTeX Font Info:    Overwriting math alphabet `\mathit' in version `bold'
(Font)                  OT1/cmr/bx/it --> OT1/lmr/bx/it on input line 37.
LaTeX Font Info:    Overwriting math alphabet `\mathtt' in version `bold'
(Font)                  OT1/cmtt/m/n --> OT1/lmtt/m/n on input line 38.
)
(/usr/share/texlive/texmf-dist/tex/latex/graphics/graphicx.sty
Package: graphicx 2019/11/30 v1.2a Enhanced LaTeX Graphics (DPC,SPQR)

(/usr/share/texlive/texmf-dist/tex/latex/graphics/graphics.sty
Package: graphics 2019/11/30 v1.4a Standard LaTeX Graphics (DPC,SPQR)

(/usr/share/texlive/texmf-dist/tex/latex/graphics/trig.sty
Package: trig 2016/01/03 v1.10 sin cos tan (DPC)
)
(/usr/share/texlive/texmf-dist/tex/latex/graphics-cfg/graphics.cfg
File: graphics.cfg 2016/06/04 v1.11 sample graphics configuration
)
Package graphics Info: Driver file: pdftex.def on input line 105.

(/usr/share/texlive/texmf-dist/tex/latex/graphics-def/pdftex.def
File: pdftex.def 2018/01/08 v1.0l Graphics/color driver for pdftex
))
\Gin@req@height=\dimen152
\Gin@req@width=\dimen153
)
(/usr/share/texlive/texmf-dist/tex/latex/hyperref/hyperref.sty
Package: hyperref 2020/01/14 v7.00d Hypertext links for LaTeX

(/usr/share/texlive/texmf-dist/tex/generic/ltxcmds/ltxcmds.sty
Package: ltxcmds 2019/12/15 v1.24 LaTeX kernel commands for general use (HO)
)
(/usr/share/texlive/texmf-dist/tex/latex/pdftexcmds/pdftexcmds.sty
Package: pdftexcmds 2019/11/24 v0.31 Utility functions of pdfTeX for LuaTeX (HO
)

(/usr/share/texlive/texmf-dist/tex/generic/infwarerr/infwarerr.sty
Package: infwarerr 2019/12/03 v1.5 Providing info/warning/error messages (HO)
)
Package pdftexcmds Info: \pdf@primitive is available.
Package pdftexcmds Info: \pdf@ifprimitive is available.
Package pdftexcmds Info: \pdfdraftmode found.
)
(/usr/share/texlive/texmf-dist/tex/generic/kvsetkeys/kvsetkeys.sty
Package: kvsetkeys 2019/12/15 v1.18 Key value parser (HO)
)
(/usr/share/texlive/texmf-dist/tex/generic/kvdefinekeys/kvdefinekeys.sty
Package: kvdefinekeys 2019-12-19 v1.6 Define keys (HO)
)
(/usr/share/texlive/texmf-dist/tex/generic/pdfescape/pdfescape.sty
Package: pdfescape 2019/12/09 v1.15 Implements pdfTeX's escape features (HO)
)
(/usr/share/texlive/texmf-dist/tex/latex/hycolor/hycolor.sty
Package: hycolor 2020-01-27 v1.10 Color options for hyperref/bookmark (HO)
)
(/usr/share/texlive/texmf-dist/tex/latex/letltxmacro/letltxmacro.sty
Package: letltxmacro 2019/12/03 v1.6 Let assignment for LaTeX macros (HO)
)
(/usr/share/texlive/texmf-dist/tex/latex/auxhook/auxhook.sty
Package: auxhook 2019-12-17 v1.6 Hooks for auxiliary files (HO)
)
(/usr/share/texlive/texmf-dist/tex/latex/kvoptions/kvoptions.sty
Package: kvoptions 2019/11/29 v3.13 Key value format for package options (HO)
)
\@linkdim=\dimen154
\Hy@linkcounter=\count190
\Hy@pagecounter=\count191

(/usr/share/texlive/texmf-dist/tex/latex/hyperref/pd1enc.def
File: pd1enc.def 2020/01/14 v7.00d Hyperref: PDFDocEncoding definition (HO)
Now handling font encoding PD1 ...
... no UTF-8 mapping file for font encoding PD1
)
(/usr/share/texlive/texmf-dist/tex/generic/intcalc/intcalc.sty
Package: intcalc 2019/12/15 v1.3 Expandable calculations with integers (HO)
)
(/usr/share/texlive/texmf-dist/tex/generic/etexcmds/etexcmds.sty
Package: etexcmds 2019/12/15 v1.7 Avoid name clashes with e-TeX commands (HO)
)
\Hy@SavedSpaceFactor=\count192
\pdfmajorversion=\count193
Package hyperref Info: Hyper figures OFF on input line 4547.
Package hyperref Info: Link nesting OFF on input line 4552.
Package hyperref Info: Hyper index ON on input line 4555.
Package hyperref Info: Plain pages OFF on input line 4562.
Package hyperref Info: Backreferencing OFF on input line 4567.
Package hyperref Info: Implicit mode ON; LaTeX internals redefined.
Package hyperref Info: Bookmarks ON on input line 4800.
\c@Hy@tempcnt=\count194

(/usr/share/texlive/texmf-dist/tex/latex/url/url.sty
\Urlmuskip=\muskip17
Package: url 2013/09/16  ver 3.4  Verb mode for urls, etc.
)
LaTeX Info: Redefining \url on input line 5159.
\XeTeXLinkMargin=\dimen155

(/usr/share/texlive/texmf-dist/tex/generic/bitset/bitset.sty
Package: bitset 2019/12/09 v1.3 Handle bit-vector datatype (HO)

(/usr/share/texlive/texmf-dist/tex/generic/bigintcalc/bigintcalc.sty
Package: bigintcalc 2019/12/15 v1.5 Expandable calculations on big integers (HO
)
))
\Fld@menulength=\count195
\Field@Width=\dimen156
\Fld@charsize=\dimen157
Package hyperref Info: Hyper figures OFF on input line 6430.
Package hyperref Info: Link nesting OFF on input line 6435.
Package hyperref Info: Hyper index ON on input line 6438.
Package hyperref Info: backreferencing OFF on input line 6445.
Package hyperref Info: Link coloring OFF on input line 6450.
Package hyperref Info: Link coloring with OCG OFF on input line 6455.
Package hyperref Info: PDF/A mode OFF on input line 6460.
LaTeX Info: Redefining \ref on input line 6500.
LaTeX Info: Redefining \pageref on input line 6504.

(/usr/share/texlive/texmf-dist/tex/generic/atbegshi/atbegshi.sty
Package: atbegshi 2019/12/05 v1.19 At begin shipout hook (HO)
)
\Hy@abspage=\count196
\c@Item=\count197
\c@Hfootnote=\count198
)
Package hyperref Info: Driver (autodetected): hpdftex.

(/usr/share/texlive/texmf-dist/tex/latex/hyperref/hpdftex.def
File: hpdftex.def 2020/01/14 v7.00d Hyperref driver for pdfTeX

(/usr/share/texlive/texmf-dist/tex/latex/atveryend/atveryend.sty
Package: atveryend 2019-12-11 v1.11 Hooks at the very end of document (HO)
Package atveryend Info: \enddocument detected (standard20110627).
)
\Fld@listcount=\count199
\c@bookmark@seq@number=\count266

(/usr/share/texlive/texmf-dist/tex/latex/rerunfilecheck/rerunfilecheck.sty
Package: rerunfilecheck 2019/12/05 v1.9 Rerun checks for auxiliary files (HO)

(/usr/share/texlive/texmf-dist/tex/generic/uniquecounter/uniquecounter.sty
Package: uniquecounter 2019/12/15 v1.4 Provide unlimited unique counter (HO)
)
Package uniquecounter Info: New unique counter `rerunfilecheck' on input line 2
86.
)
\Hy@SectionHShift=\skip55
)
(/usr/share/texlive/texmf-dist/tex/latex/float/float.sty
Package: float 2001/11/08 v1.3d Float enhancements (AL)
\c@float@type=\count267
\float@exts=\toks29
\float@box=\box47
\@float@everytoks=\toks30
\@floatcapt=\box48
)
(/usr/share/texlive/texmf-dist/tex/latex/subfig/subfig.sty
Package: subfig 2005/06/28 ver: 1.3 subfig package

(/usr/share/texlive/texmf-dist/tex/latex/caption/caption.sty
Package: caption 2020/01/03 v3.4h Customizing captions (AR)

(/usr/share/texlive/texmf-dist/tex/latex/caption/caption3.sty
Package: caption3 2020/01/03 v1.8h caption3 kernel (AR)
Package caption3 Info: TeX engine: e-TeX on input line 61.
\captionmargin=\dimen158
\captionmargin@=\dimen159
\captionwidth=\dimen160
\caption@tempdima=\dimen161
\caption@indent=\dimen162
\caption@parindent=\dimen163
\caption@hangindent=\dimen164
Package caption Info: Standard document class detected.
)
\c@caption@flags=\count268
\c@continuedfloat=\count269
Package caption Info: float package is loaded.
Package caption Info: hyperref package is loaded.
)
\c@KVtest=\count270
\sf@farskip=\skip56
\sf@captopadj=\dimen165
\sf@capskip=\skip57
\sf@nearskip=\skip58
\c@subfigure=\count271
\c@subfigure@save=\count272
\c@lofdepth=\count273
\c@subtable=\count274
\c@subtable@save=\count275
\c@lotdepth=\count276
\sf@top=\skip59
\sf@bottom=\skip60
)
(/usr/share/texlive/texmf-dist/tex/latex/tabto-ltx/tabto.sty
Package: tabto 2018/12/28  v 1.4  Another tabbing mechanism
\CurrentLineWidth=\dimen166
\TabPrevPos=\dimen167
)
Package hyperref Info: Option `colorlinks' set `true' on input line 26.

(/usr/share/texlive/texmf-dist/tex/latex/l3backend/l3backend-pdfmode.def
File: l3backend-pdfmode.def 2020-02-03 L3 backend support: PDF mode
\l__kernel_color_stack_int=\count277
\l__pdf_internal_box=\box49
)
(./Practica2Memoria.aux

LaTeX Warning: Label `fig:2figsA' multiply defined.


LaTeX Warning: Label `fig:2figsB' multiply defined.


LaTeX Warning: Label `fig:2figsA' multiply defined.


LaTeX Warning: Label `fig:2figsB' multiply defined.


LaTeX Warning: Label `fig:2figsA' multiply defined.


LaTeX Warning: Label `fig:2figsB' multiply defined.


LaTeX Warning: Label `fig:2figsA' multiply defined.


LaTeX Warning: Label `fig:2figsB' multiply defined.


LaTeX Warning: Label `fig:2figsA' multiply defined.


LaTeX Warning: Label `fig:2figsB' multiply defined.


LaTeX Warning: Label `fig:2figsA' multiply defined.


LaTeX Warning: Label `fig:2figsB' multiply defined.


LaTeX Warning: Label `fig:2figsA' multiply defined.


LaTeX Warning: Label `fig:2figsB' multiply defined.


LaTeX Warning: Label `fig:2figsA' multiply defined.


LaTeX Warning: Label `fig:2figsB' multiply defined.


LaTeX Warning: Label `fig:2figsA' multiply defined.


LaTeX Warning: Label `fig:2figsB' multiply defined.


LaTeX Warning: Label `fig:2figsA' multiply defined.


LaTeX Warning: Label `fig:2figsB' multiply defined.


LaTeX Warning: Label `fig:2figsA' multiply defined.


LaTeX Warning: Label `fig:2figsB' multiply defined.

)
\openout1 = `Practica2Memoria.aux'.

LaTeX Font Info:    Checking defaults for OML/cmm/m/it on input line 48.
LaTeX Font Info:    ... okay on input line 48.
LaTeX Font Info:    Checking defaults for OMS/cmsy/m/n on input line 48.
LaTeX Font Info:    ... okay on input line 48.
LaTeX Font Info:    Checking defaults for OT1/cmr/m/n on input line 48.
LaTeX Font Info:    ... okay on input line 48.
LaTeX Font Info:    Checking defaults for T1/cmr/m/n on input line 48.
LaTeX Font Info:    ... okay on input line 48.
LaTeX Font Info:    Checking defaults for TS1/cmr/m/n on input line 48.
LaTeX Font Info:    ... okay on input line 48.
LaTeX Font Info:    Checking defaults for OMX/cmex/m/n on input line 48.
LaTeX Font Info:    ... okay on input line 48.
LaTeX Font Info:    Checking defaults for U/cmr/m/n on input line 48.
LaTeX Font Info:    ... okay on input line 48.
LaTeX Font Info:    Checking defaults for PD1/pdf/m/n on input line 48.
LaTeX Font Info:    ... okay on input line 48.
LaTeX Font Info:    Trying to load font information for T1+lmr on input line 48
.
 (/usr/share/texmf/tex/latex/lm/t1lmr.fd
File: t1lmr.fd 2009/10/30 v1.6 Font defs for Latin Modern
)
*geometry* driver: auto-detecting
*geometry* detected driver: pdftex
*geometry* verbose mode - [ preamble ] result:
* driver: pdftex
* paper: <default>
* layout: <same size as paper>
* layoutoffset:(h,v)=(0.0pt,0.0pt)
* modes: 
* h-part:(L,W,R)=(72.26999pt, 469.75502pt, 72.26999pt)
* v-part:(T,H,B)=(72.26999pt, 650.43001pt, 72.26999pt)
* \paperwidth=614.295pt
* \paperheight=794.96999pt
* \textwidth=469.75502pt
* \textheight=650.43001pt
* \oddsidemargin=0.0pt
* \evensidemargin=0.0pt
* \topmargin=-37.0pt
* \headheight=12.0pt
* \headsep=25.0pt
* \topskip=12.0pt
* \footskip=30.0pt
* \marginparwidth=44.0pt
* \marginparsep=10.0pt
* \columnsep=10.0pt
* \skip\footins=10.8pt plus 4.0pt minus 2.0pt
* \hoffset=0.0pt
* \voffset=0.0pt
* \mag=1000
* \@twocolumnfalse
* \@twosidefalse
* \@mparswitchfalse
* \@reversemarginfalse
* (1in=72.27pt=25.4mm, 1cm=28.453pt)

(/usr/share/texlive/texmf-dist/tex/context/base/mkii/supp-pdf.mkii
[Loading MPS to PDF converter (version 2006.09.02).]
\scratchcounter=\count278
\scratchdimen=\dimen168
\scratchbox=\box50
\nofMPsegments=\count279
\nofMParguments=\count280
\everyMPshowfont=\toks31
\MPscratchCnt=\count281
\MPscratchDim=\dimen169
\MPnumerator=\count282
\makeMPintoPDFobject=\count283
\everyMPtoPDFconversion=\toks32
) (/usr/share/texlive/texmf-dist/tex/latex/epstopdf-pkg/epstopdf-base.sty
Package: epstopdf-base 2020-01-24 v2.11 Base part for package epstopdf
Package epstopdf-base Info: Redefining graphics rule for `.eps' on input line 4
85.

(/usr/share/texlive/texmf-dist/tex/latex/latexconfig/epstopdf-sys.cfg
File: epstopdf-sys.cfg 2010/07/13 v1.3 Configuration of (r)epstopdf for TeX Liv
e
))
\AtBeginShipoutBox=\box51

(/usr/share/texlive/texmf-dist/tex/latex/graphics/color.sty
Package: color 2019/11/23 v1.2a Standard LaTeX Color (DPC)

(/usr/share/texlive/texmf-dist/tex/latex/graphics-cfg/color.cfg
File: color.cfg 2016/01/02 v1.6 sample color configuration
)
Package color Info: Driver file: pdftex.def on input line 147.
)
Package hyperref Info: Link coloring ON on input line 48.

(/usr/share/texlive/texmf-dist/tex/latex/hyperref/nameref.sty
Package: nameref 2019/09/16 v2.46 Cross-referencing by name of section

(/usr/share/texlive/texmf-dist/tex/latex/refcount/refcount.sty
Package: refcount 2019/12/15 v3.6 Data extraction from label references (HO)
)
(/usr/share/texlive/texmf-dist/tex/generic/gettitlestring/gettitlestring.sty
Package: gettitlestring 2019/12/15 v1.6 Cleanup title references (HO)
)
\c@section@level=\count284
)
LaTeX Info: Redefining \ref on input line 48.
LaTeX Info: Redefining \pageref on input line 48.
LaTeX Info: Redefining \nameref on input line 48.

(./Practica2Memoria.out) (./Practica2Memoria.out)
\@outlinefile=\write3
\openout3 = `Practica2Memoria.out'.

Package caption Info: Begin \AtBeginDocument code.
Package caption Info: subfig package v1.3 is loaded.
Package caption Info: End \AtBeginDocument code.
LaTeX Font Info:    Trying to load font information for OT1+lmr on input line 5
9.

(/usr/share/texmf/tex/latex/lm/ot1lmr.fd
File: ot1lmr.fd 2009/10/30 v1.6 Font defs for Latin Modern
)
LaTeX Font Info:    Trying to load font information for OML+lmm on input line 5
9.

(/usr/share/texmf/tex/latex/lm/omllmm.fd
File: omllmm.fd 2009/10/30 v1.6 Font defs for Latin Modern
)
LaTeX Font Info:    Trying to load font information for OMS+lmsy on input line 
59.

(/usr/share/texmf/tex/latex/lm/omslmsy.fd
File: omslmsy.fd 2009/10/30 v1.6 Font defs for Latin Modern
)
LaTeX Font Info:    Trying to load font information for OMX+lmex on input line 
59.

(/usr/share/texmf/tex/latex/lm/omxlmex.fd
File: omxlmex.fd 2009/10/30 v1.6 Font defs for Latin Modern
)
LaTeX Font Info:    External font `lmex10' loaded for size
(Font)              <14.4> on input line 59.
LaTeX Font Info:    External font `lmex10' loaded for size
(Font)              <10> on input line 59.
LaTeX Font Info:    External font `lmex10' loaded for size
(Font)              <7> on input line 59.
LaTeX Font Info:    Trying to load font information for U+msa on input line 59.


(/usr/share/texlive/texmf-dist/tex/latex/amsfonts/umsa.fd
File: umsa.fd 2013/01/14 v3.01 AMS symbols A
)
LaTeX Font Info:    Trying to load font information for U+msb on input line 59.


(/usr/share/texlive/texmf-dist/tex/latex/amsfonts/umsb.fd
File: umsb.fd 2013/01/14 v3.01 AMS symbols B
)
LaTeX Font Info:    Trying to load font information for T1+lmtt on input line 6
2.

(/usr/share/texmf/tex/latex/lm/t1lmtt.fd
File: t1lmtt.fd 2009/10/30 v1.6 Font defs for Latin Modern
)
LaTeX Font Info:    External font `lmex10' loaded for size
(Font)              <12> on input line 66.
LaTeX Font Info:    External font `lmex10' loaded for size
(Font)              <8> on input line 66.
LaTeX Font Info:    External font `lmex10' loaded for size
(Font)              <6> on input line 66.

Underfull \hbox (badness 10000) in paragraph at lines 66--102

 []


Underfull \hbox (badness 10000) in paragraph at lines 66--102

 []


Overfull \hbox (55.11324pt too wide) in paragraph at lines 66--102
\T1/lmtt/m/n/12 historial=model.fit$[]$generator(generator$[]$train, steps$[]$p
er$[]$epoch = len(x$[]$train)*0.9/32, 
 []


Underfull \hbox (badness 10000) in paragraph at lines 66--102

 []


Underfull \hbox (badness 10000) in paragraph at lines 66--102

 []


Underfull \hbox (badness 10000) in paragraph at lines 66--102

 []


Underfull \hbox (badness 10000) in paragraph at lines 66--102

 []


Underfull \hbox (badness 10000) in paragraph at lines 66--102

 []


Underfull \hbox (badness 10000) in paragraph at lines 66--102

 []

[1

{/var/lib/texmf/fonts/map/pdftex/updmap/pdftex.map}] [2]
<images/BasicoLoss.png, id=20, 381.425pt x 248.93pt>
File: images/BasicoLoss.png Graphic file (type png)
<use images/BasicoLoss.png>
Package pdftex.def Info: images/BasicoLoss.png  used on input line 111.
(pdftex.def)             Requested size: 227.62204pt x 148.5539pt.
<images/BasicoAcc.png, id=22, 374.39874pt x 248.93pt>
File: images/BasicoAcc.png Graphic file (type png)
<use images/BasicoAcc.png>
Package pdftex.def Info: images/BasicoAcc.png  used on input line 113.
(pdftex.def)             Requested size: 227.62204pt x 151.34189pt.

Overfull \hbox (30.71817pt too wide) in paragraph at lines 125--127
\T1/lmtt/m/n/12 validation$[]$split = 0.1 \T1/lmr/m/n/12 para la val-i-dación. 
Apli-camos a train la nor-mal-ización con \T1/lmtt/m/n/12 datagen.fit
 []


Underfull \hbox (badness 10000) in paragraph at lines 125--127

 []

<images/NormalizacionDeDatosLoss.png, id=23, 381.425pt x 248.93pt>
File: images/NormalizacionDeDatosLoss.png Graphic file (type png)
<use images/NormalizacionDeDatosLoss.png>
Package pdftex.def Info: images/NormalizacionDeDatosLoss.png  used on input lin
e 136.
(pdftex.def)             Requested size: 227.62204pt x 148.5539pt.
<images/NormalizacionDeDatosAcc.png, id=24, 374.39874pt x 248.93pt>
File: images/NormalizacionDeDatosAcc.png Graphic file (type png)
<use images/NormalizacionDeDatosAcc.png>
Package pdftex.def Info: images/NormalizacionDeDatosAcc.png  used on input line
 138.
(pdftex.def)             Requested size: 227.62204pt x 151.34189pt.
[3 <./images/BasicoLoss.png> <./images/BasicoAcc.png>]
Underfull \hbox (badness 10000) in paragraph at lines 146--148

 []

<images/AumentoDeDatosLoss.png, id=34, 374.39874pt x 248.93pt>
File: images/AumentoDeDatosLoss.png Graphic file (type png)
<use images/AumentoDeDatosLoss.png>
Package pdftex.def Info: images/AumentoDeDatosLoss.png  used on input line 157.

(pdftex.def)             Requested size: 227.62204pt x 151.34189pt.
<images/AumentoDeDatosAcc.png, id=35, 380.42125pt x 248.93pt>
File: images/AumentoDeDatosAcc.png Graphic file (type png)
<use images/AumentoDeDatosAcc.png>
Package pdftex.def Info: images/AumentoDeDatosAcc.png  used on input line 159.
(pdftex.def)             Requested size: 227.62204pt x 148.94891pt.
[4 <./images/NormalizacionDeDatosLoss.png> <./images/NormalizacionDeDatosAcc.pn
g>]
Underfull \hbox (badness 10000) in paragraph at lines 168--170

 []

<images/AumentoProfundidadLoss.png, id=44, 381.425pt x 248.93pt>
File: images/AumentoProfundidadLoss.png Graphic file (type png)
<use images/AumentoProfundidadLoss.png>
Package pdftex.def Info: images/AumentoProfundidadLoss.png  used on input line 
179.
(pdftex.def)             Requested size: 227.62204pt x 148.5539pt.
<images/AumentoProfundidadAcc.png, id=45, 374.39874pt x 248.93pt>
File: images/AumentoProfundidadAcc.png Graphic file (type png)
<use images/AumentoProfundidadAcc.png>
Package pdftex.def Info: images/AumentoProfundidadAcc.png  used on input line 1
81.
(pdftex.def)             Requested size: 227.62204pt x 151.34189pt.

Underfull \hbox (badness 10000) in paragraph at lines 189--191

 []

[5 <./images/AumentoDeDatosLoss.png> <./images/AumentoDeDatosAcc.png> <./images
/AumentoProfundidadLoss.png> <./images/AumentoProfundidadAcc.png>]
<images/BatchnormalizationLoss.png, id=59, 381.425pt x 248.93pt>
File: images/BatchnormalizationLoss.png Graphic file (type png)
<use images/BatchnormalizationLoss.png>
Package pdftex.def Info: images/BatchnormalizationLoss.png  used on input line 
200.
(pdftex.def)             Requested size: 227.62204pt x 148.5539pt.
<images/BatchnormalizationAcc.png, id=60, 374.39874pt x 248.93pt>
File: images/BatchnormalizationAcc.png Graphic file (type png)
<use images/BatchnormalizationAcc.png>
Package pdftex.def Info: images/BatchnormalizationAcc.png  used on input line 2
02.
(pdftex.def)             Requested size: 227.62204pt x 151.34189pt.

Underfull \hbox (badness 10000) in paragraph at lines 209--211

 []

<images/DropoutLoss.png, id=61, 381.425pt x 248.93pt>
File: images/DropoutLoss.png Graphic file (type png)
<use images/DropoutLoss.png>
Package pdftex.def Info: images/DropoutLoss.png  used on input line 220.
(pdftex.def)             Requested size: 227.62204pt x 148.5539pt.
<images/DropoutAcc.png, id=62, 374.39874pt x 248.93pt>
File: images/DropoutAcc.png Graphic file (type png)
<use images/DropoutAcc.png>
Package pdftex.def Info: images/DropoutAcc.png  used on input line 222.
(pdftex.def)             Requested size: 227.62204pt x 151.34189pt.
[6 <./images/BatchnormalizationLoss.png> <./images/BatchnormalizationAcc.png>]
Underfull \hbox (badness 10000) in paragraph at lines 230--232

 []

<images/MejoraConjuntaLoss.png, id=72, 379.4175pt x 248.93pt>
File: images/MejoraConjuntaLoss.png Graphic file (type png)
<use images/MejoraConjuntaLoss.png>
Package pdftex.def Info: images/MejoraConjuntaLoss.png  used on input line 242.

(pdftex.def)             Requested size: 227.62204pt x 149.34015pt.
<images/MejoraConjuntaAcc.png, id=73, 373.395pt x 248.93pt>
File: images/MejoraConjuntaAcc.png Graphic file (type png)
<use images/MejoraConjuntaAcc.png>
Package pdftex.def Info: images/MejoraConjuntaAcc.png  used on input line 244.
(pdftex.def)             Requested size: 227.62204pt x 151.7483pt.

Underfull \hbox (badness 10000) in paragraph at lines 249--251

 []

[7 <./images/DropoutLoss.png> <./images/DropoutAcc.png> <./images/MejoraConjunt
aLoss.png> <./images/MejoraConjuntaAcc.png>]
Underfull \hbox (badness 10000) in paragraph at lines 281--282

 []

[8]
Underfull \hbox (badness 10000) in paragraph at lines 285--288

 []


Underfull \hbox (badness 10000) in paragraph at lines 290--293

 []


Underfull \hbox (badness 10000) in paragraph at lines 294--296

 []


Underfull \hbox (badness 10000) in paragraph at lines 294--296

 []

[9]
<images/Resnet1A2Loss.png, id=99, 363.3575pt x 248.93pt>
File: images/Resnet1A2Loss.png Graphic file (type png)
<use images/Resnet1A2Loss.png>
Package pdftex.def Info: images/Resnet1A2Loss.png  used on input line 305.
(pdftex.def)             Requested size: 227.62204pt x 155.9417pt.
<images/Resnet1A2Acc.png, id=100, 373.395pt x 248.93pt>
File: images/Resnet1A2Acc.png Graphic file (type png)
<use images/Resnet1A2Acc.png>
Package pdftex.def Info: images/Resnet1A2Acc.png  used on input line 307.
(pdftex.def)             Requested size: 227.62204pt x 151.7483pt.

Underfull \hbox (badness 10000) in paragraph at lines 312--324

 []


Underfull \hbox (badness 10000) in paragraph at lines 325--326

 []

<images/Resnet1A1Loss.png, id=101, 363.3575pt x 248.93pt>
File: images/Resnet1A1Loss.png Graphic file (type png)
<use images/Resnet1A1Loss.png>
Package pdftex.def Info: images/Resnet1A1Loss.png  used on input line 335.
(pdftex.def)             Requested size: 227.62204pt x 155.9417pt.
<images/Resnet1A1Acc.png, id=102, 373.395pt x 248.93pt>
File: images/Resnet1A1Acc.png Graphic file (type png)
<use images/Resnet1A1Acc.png>
Package pdftex.def Info: images/Resnet1A1Acc.png  used on input line 337.
(pdftex.def)             Requested size: 227.62204pt x 151.7483pt.
[10 <./images/Resnet1A2Loss.png> <./images/Resnet1A2Acc.png>]
Underfull \hbox (badness 10000) in paragraph at lines 342--363

 []


Underfull \hbox (badness 10000) in paragraph at lines 342--363

 []

<images/Resnet1BLoss.png, id=111, 369.38pt x 250.9375pt>
File: images/Resnet1BLoss.png Graphic file (type png)
<use images/Resnet1BLoss.png>
Package pdftex.def Info: images/Resnet1BLoss.png  used on input line 372.
(pdftex.def)             Requested size: 227.62204pt x 154.63387pt.
<images/Resnet1BAcc.png, id=112, 373.395pt x 248.93pt>
File: images/Resnet1BAcc.png Graphic file (type png)
<use images/Resnet1BAcc.png>
Package pdftex.def Info: images/Resnet1BAcc.png  used on input line 374.
(pdftex.def)             Requested size: 227.62204pt x 151.7483pt.
[11 <./images/Resnet1A1Loss.png> <./images/Resnet1A1Acc.png>]
<images/Resnet2Loss.png, id=120, 363.3575pt x 248.93pt>
File: images/Resnet2Loss.png Graphic file (type png)
<use images/Resnet2Loss.png>
Package pdftex.def Info: images/Resnet2Loss.png  used on input line 398.
(pdftex.def)             Requested size: 227.62204pt x 155.9417pt.
<images/Resnet2Acc.png, id=121, 373.395pt x 248.93pt>
File: images/Resnet2Acc.png Graphic file (type png)
<use images/Resnet2Acc.png>
Package pdftex.def Info: images/Resnet2Acc.png  used on input line 400.
(pdftex.def)             Requested size: 227.62204pt x 151.7483pt.
 [12 <./images/Resnet1BLoss.png> <./images/Resnet1BAcc.png>]
Underfull \hbox (badness 10000) in paragraph at lines 405--406

 []


Underfull \hbox (badness 10000) in paragraph at lines 408--409

 []

<images/BonusLoss.png, id=130, 373.395pt x 248.93pt>
File: images/BonusLoss.png Graphic file (type png)
<use images/BonusLoss.png>
Package pdftex.def Info: images/BonusLoss.png  used on input line 418.
(pdftex.def)             Requested size: 227.62204pt x 151.7483pt.
<images/BonusAcc.png, id=131, 373.395pt x 248.93pt>
File: images/BonusAcc.png Graphic file (type png)
<use images/BonusAcc.png>
Package pdftex.def Info: images/BonusAcc.png  used on input line 420.
(pdftex.def)             Requested size: 227.62204pt x 151.7483pt.
[13 <./images/Resnet2Loss.png> <./images/Resnet2Acc.png>]
Package atveryend Info: Empty hook `BeforeClearDocument' on input line 430.
 [14 <./images/BonusLoss.png> <./images/BonusAcc.png>]
Package atveryend Info: Empty hook `AfterLastShipout' on input line 430.
 (./Practica2Memoria.aux)
Package atveryend Info: Executing hook `AtVeryEndDocument' on input line 430.
Package atveryend Info: Executing hook `AtEndAfterFileList' on input line 430.
Package rerunfilecheck Info: File `Practica2Memoria.out' has not changed.
(rerunfilecheck)             Checksum: D41D8CD98F00B204E9800998ECF8427E;0.


LaTeX Warning: There were multiply-defined labels.

Package atveryend Info: Empty hook `AtVeryVeryEnd' on input line 430.
 ) 
Here is how much of TeX's memory you used:
 8733 strings out of 483007
 133456 string characters out of 5961757
 393364 words of memory out of 5000000
 23528 multiletter control sequences out of 15000+600000
 585671 words of font info for 69 fonts, out of 8000000 for 9000
 107 hyphenation exceptions out of 8191
 50i,15n,48p,1054b,374s stack positions out of 5000i,500n,10000p,200000b,80000s
{/usr/share/texmf/fonts/enc/dvips/lm/lm-mathsy.enc}{/usr/share/texmf/fonts/en
c/dvips/lm/lm-rm.enc}{/usr/share/texmf/fonts/enc/dvips/lm/lm-ec.enc}</usr/share
/texmf/fonts/type1/public/lm/lmbx12.pfb></usr/share/texmf/fonts/type1/public/lm
/lmr12.pfb></usr/share/texmf/fonts/type1/public/lm/lmr17.pfb></usr/share/texmf/
fonts/type1/public/lm/lmsy10.pfb></usr/share/texmf/fonts/type1/public/lm/lmtt12
.pfb>
Output written on Practica2Memoria.pdf (14 pages, 406684 bytes).
PDF statistics:
 183 PDF objects out of 1000 (max. 8388607)
 112 compressed objects within 2 object streams
 43 named destinations out of 1000 (max. 500000)
 121 words of extra memory for PDF output out of 10000 (max. 10000000)

