This is pdfTeX, Version 3.14159265-2.6-1.40.20 (TeX Live 2019/Debian) (preloaded format=pdflatex 2020.10.1)  27 OCT 2020 19:46
entering extended mode
 restricted \write18 enabled.
 %&-line parsing enabled.
**Practica1Memoria.tex
(./Practica1Memoria.tex
LaTeX2e <2020-02-02> patch level 2
L3 programming layer <2020-02-14>
(/usr/share/texlive/texmf-dist/tex/latex/base/article.cls
Document Class: article 2019/12/20 v1.4l Standard LaTeX document class
(/usr/share/texlive/texmf-dist/tex/latex/base/size12.clo
File: size12.clo 2019/12/20 v1.4l Standard LaTeX file (size option)
)
\c@part=\count167
\c@section=\count168
\c@subsection=\count169
\c@subsubsection=\count170
\c@paragraph=\count171
\c@subparagraph=\count172
\c@figure=\count173
\c@table=\count174
\abovecaptionskip=\skip47
\belowcaptionskip=\skip48
\bibindent=\dimen134
)
(/usr/share/texlive/texmf-dist/tex/latex/geometry/geometry.sty
Package: geometry 2020/01/02 v5.9 Page Geometry

(/usr/share/texlive/texmf-dist/tex/latex/graphics/keyval.sty
Package: keyval 2014/10/28 v1.15 key=value parser (DPC)
\KV@toks@=\toks14
)
(/usr/share/texlive/texmf-dist/tex/generic/iftex/ifvtex.sty
Package: ifvtex 2019/10/25 v1.7 ifvtex legacy package. Use iftex instead.

(/usr/share/texlive/texmf-dist/tex/generic/iftex/iftex.sty
Package: iftex 2019/11/07 v1.0c TeX engine tests
))
\Gm@cnth=\count175
\Gm@cntv=\count176
\c@Gm@tempcnt=\count177
\Gm@bindingoffset=\dimen135
\Gm@wd@mp=\dimen136
\Gm@odd@mp=\dimen137
\Gm@even@mp=\dimen138
\Gm@layoutwidth=\dimen139
\Gm@layoutheight=\dimen140
\Gm@layouthoffset=\dimen141
\Gm@layoutvoffset=\dimen142
\Gm@dimlist=\toks15
)
(/usr/share/texlive/texmf-dist/tex/latex/amsmath/amsmath.sty
Package: amsmath 2020/01/20 v2.17e AMS math features
\@mathmargin=\skip49

For additional information on amsmath, use the `?' option.
(/usr/share/texlive/texmf-dist/tex/latex/amsmath/amstext.sty
Package: amstext 2000/06/29 v2.01 AMS text

(/usr/share/texlive/texmf-dist/tex/latex/amsmath/amsgen.sty
File: amsgen.sty 1999/11/30 v2.0 generic functions
\@emptytoks=\toks16
\ex@=\dimen143
))
(/usr/share/texlive/texmf-dist/tex/latex/amsmath/amsbsy.sty
Package: amsbsy 1999/11/29 v1.2d Bold Symbols
\pmbraise@=\dimen144
)
(/usr/share/texlive/texmf-dist/tex/latex/amsmath/amsopn.sty
Package: amsopn 2016/03/08 v2.02 operator names
)
\inf@bad=\count178
LaTeX Info: Redefining \frac on input line 227.
\uproot@=\count179
\leftroot@=\count180
LaTeX Info: Redefining \overline on input line 389.
\classnum@=\count181
\DOTSCASE@=\count182
LaTeX Info: Redefining \ldots on input line 486.
LaTeX Info: Redefining \dots on input line 489.
LaTeX Info: Redefining \cdots on input line 610.
\Mathstrutbox@=\box45
\strutbox@=\box46
\big@size=\dimen145
LaTeX Font Info:    Redeclaring font encoding OML on input line 733.
LaTeX Font Info:    Redeclaring font encoding OMS on input line 734.
\macc@depth=\count183
\c@MaxMatrixCols=\count184
\dotsspace@=\muskip16
\c@parentequation=\count185
\dspbrk@lvl=\count186
\tag@help=\toks17
\row@=\count187
\column@=\count188
\maxfields@=\count189
\andhelp@=\toks18
\eqnshift@=\dimen146
\alignsep@=\dimen147
\tagshift@=\dimen148
\tagwidth@=\dimen149
\totwidth@=\dimen150
\lineht@=\dimen151
\@envbody=\toks19
\multlinegap=\skip50
\multlinetaggap=\skip51
\mathdisplay@stack=\toks20
LaTeX Info: Redefining \[ on input line 2859.
LaTeX Info: Redefining \] on input line 2860.
)
(/usr/share/texlive/texmf-dist/tex/latex/amscls/amsthm.sty
Package: amsthm 2017/10/31 v2.20.4
\thm@style=\toks21
\thm@bodyfont=\toks22
\thm@headfont=\toks23
\thm@notefont=\toks24
\thm@headpunct=\toks25
\thm@preskip=\skip52
\thm@postskip=\skip53
\thm@headsep=\skip54
\dth@everypar=\toks26
)
(/usr/share/texlive/texmf-dist/tex/latex/amsfonts/amssymb.sty
Package: amssymb 2013/01/14 v3.01 AMS font symbols

(/usr/share/texlive/texmf-dist/tex/latex/amsfonts/amsfonts.sty
Package: amsfonts 2013/01/14 v3.01 Basic AMSFonts support
\symAMSa=\mathgroup4
\symAMSb=\mathgroup5
LaTeX Font Info:    Redeclaring math symbol \hbar on input line 98.
LaTeX Font Info:    Overwriting math alphabet `\mathfrak' in version `bold'
(Font)                  U/euf/m/n --> U/euf/b/n on input line 106.
))
(/usr/share/texlive/texmf-dist/tex/latex/base/inputenc.sty
Package: inputenc 2018/08/11 v1.3c Input encoding file
\inpenc@prehook=\toks27
\inpenc@posthook=\toks28
)
(/usr/share/texlive/texmf-dist/tex/latex/base/fontenc.sty
Package: fontenc 2020/02/11 v2.0o Standard LaTeX package
)
(/usr/share/texmf/tex/latex/lm/lmodern.sty
Package: lmodern 2009/10/30 v1.6 Latin Modern Fonts
LaTeX Font Info:    Overwriting symbol font `operators' in version `normal'
(Font)                  OT1/cmr/m/n --> OT1/lmr/m/n on input line 22.
LaTeX Font Info:    Overwriting symbol font `letters' in version `normal'
(Font)                  OML/cmm/m/it --> OML/lmm/m/it on input line 23.
LaTeX Font Info:    Overwriting symbol font `symbols' in version `normal'
(Font)                  OMS/cmsy/m/n --> OMS/lmsy/m/n on input line 24.
LaTeX Font Info:    Overwriting symbol font `largesymbols' in version `normal'
(Font)                  OMX/cmex/m/n --> OMX/lmex/m/n on input line 25.
LaTeX Font Info:    Overwriting symbol font `operators' in version `bold'
(Font)                  OT1/cmr/bx/n --> OT1/lmr/bx/n on input line 26.
LaTeX Font Info:    Overwriting symbol font `letters' in version `bold'
(Font)                  OML/cmm/b/it --> OML/lmm/b/it on input line 27.
LaTeX Font Info:    Overwriting symbol font `symbols' in version `bold'
(Font)                  OMS/cmsy/b/n --> OMS/lmsy/b/n on input line 28.
LaTeX Font Info:    Overwriting symbol font `largesymbols' in version `bold'
(Font)                  OMX/cmex/m/n --> OMX/lmex/m/n on input line 29.
LaTeX Font Info:    Overwriting math alphabet `\mathbf' in version `normal'
(Font)                  OT1/cmr/bx/n --> OT1/lmr/bx/n on input line 31.
LaTeX Font Info:    Overwriting math alphabet `\mathsf' in version `normal'
(Font)                  OT1/cmss/m/n --> OT1/lmss/m/n on input line 32.
LaTeX Font Info:    Overwriting math alphabet `\mathit' in version `normal'
(Font)                  OT1/cmr/m/it --> OT1/lmr/m/it on input line 33.
LaTeX Font Info:    Overwriting math alphabet `\mathtt' in version `normal'
(Font)                  OT1/cmtt/m/n --> OT1/lmtt/m/n on input line 34.
LaTeX Font Info:    Overwriting math alphabet `\mathbf' in version `bold'
(Font)                  OT1/cmr/bx/n --> OT1/lmr/bx/n on input line 35.
LaTeX Font Info:    Overwriting math alphabet `\mathsf' in version `bold'
(Font)                  OT1/cmss/bx/n --> OT1/lmss/bx/n on input line 36.
LaTeX Font Info:    Overwriting math alphabet `\mathit' in version `bold'
(Font)                  OT1/cmr/bx/it --> OT1/lmr/bx/it on input line 37.
LaTeX Font Info:    Overwriting math alphabet `\mathtt' in version `bold'
(Font)                  OT1/cmtt/m/n --> OT1/lmtt/m/n on input line 38.
)
(/usr/share/texlive/texmf-dist/tex/latex/graphics/graphicx.sty
Package: graphicx 2019/11/30 v1.2a Enhanced LaTeX Graphics (DPC,SPQR)

(/usr/share/texlive/texmf-dist/tex/latex/graphics/graphics.sty
Package: graphics 2019/11/30 v1.4a Standard LaTeX Graphics (DPC,SPQR)

(/usr/share/texlive/texmf-dist/tex/latex/graphics/trig.sty
Package: trig 2016/01/03 v1.10 sin cos tan (DPC)
)
(/usr/share/texlive/texmf-dist/tex/latex/graphics-cfg/graphics.cfg
File: graphics.cfg 2016/06/04 v1.11 sample graphics configuration
)
Package graphics Info: Driver file: pdftex.def on input line 105.

(/usr/share/texlive/texmf-dist/tex/latex/graphics-def/pdftex.def
File: pdftex.def 2018/01/08 v1.0l Graphics/color driver for pdftex
))
\Gin@req@height=\dimen152
\Gin@req@width=\dimen153
)
(/usr/share/texlive/texmf-dist/tex/latex/hyperref/hyperref.sty
Package: hyperref 2020/01/14 v7.00d Hypertext links for LaTeX

(/usr/share/texlive/texmf-dist/tex/generic/ltxcmds/ltxcmds.sty
Package: ltxcmds 2019/12/15 v1.24 LaTeX kernel commands for general use (HO)
)
(/usr/share/texlive/texmf-dist/tex/latex/pdftexcmds/pdftexcmds.sty
Package: pdftexcmds 2019/11/24 v0.31 Utility functions of pdfTeX for LuaTeX (HO
)

(/usr/share/texlive/texmf-dist/tex/generic/infwarerr/infwarerr.sty
Package: infwarerr 2019/12/03 v1.5 Providing info/warning/error messages (HO)
)
Package pdftexcmds Info: \pdf@primitive is available.
Package pdftexcmds Info: \pdf@ifprimitive is available.
Package pdftexcmds Info: \pdfdraftmode found.
)
(/usr/share/texlive/texmf-dist/tex/generic/kvsetkeys/kvsetkeys.sty
Package: kvsetkeys 2019/12/15 v1.18 Key value parser (HO)
)
(/usr/share/texlive/texmf-dist/tex/generic/kvdefinekeys/kvdefinekeys.sty
Package: kvdefinekeys 2019-12-19 v1.6 Define keys (HO)
)
(/usr/share/texlive/texmf-dist/tex/generic/pdfescape/pdfescape.sty
Package: pdfescape 2019/12/09 v1.15 Implements pdfTeX's escape features (HO)
)
(/usr/share/texlive/texmf-dist/tex/latex/hycolor/hycolor.sty
Package: hycolor 2020-01-27 v1.10 Color options for hyperref/bookmark (HO)
)
(/usr/share/texlive/texmf-dist/tex/latex/letltxmacro/letltxmacro.sty
Package: letltxmacro 2019/12/03 v1.6 Let assignment for LaTeX macros (HO)
)
(/usr/share/texlive/texmf-dist/tex/latex/auxhook/auxhook.sty
Package: auxhook 2019-12-17 v1.6 Hooks for auxiliary files (HO)
)
(/usr/share/texlive/texmf-dist/tex/latex/kvoptions/kvoptions.sty
Package: kvoptions 2019/11/29 v3.13 Key value format for package options (HO)
)
\@linkdim=\dimen154
\Hy@linkcounter=\count190
\Hy@pagecounter=\count191

(/usr/share/texlive/texmf-dist/tex/latex/hyperref/pd1enc.def
File: pd1enc.def 2020/01/14 v7.00d Hyperref: PDFDocEncoding definition (HO)
Now handling font encoding PD1 ...
... no UTF-8 mapping file for font encoding PD1
)
(/usr/share/texlive/texmf-dist/tex/generic/intcalc/intcalc.sty
Package: intcalc 2019/12/15 v1.3 Expandable calculations with integers (HO)
)
(/usr/share/texlive/texmf-dist/tex/generic/etexcmds/etexcmds.sty
Package: etexcmds 2019/12/15 v1.7 Avoid name clashes with e-TeX commands (HO)
)
\Hy@SavedSpaceFactor=\count192
\pdfmajorversion=\count193
Package hyperref Info: Hyper figures OFF on input line 4547.
Package hyperref Info: Link nesting OFF on input line 4552.
Package hyperref Info: Hyper index ON on input line 4555.
Package hyperref Info: Plain pages OFF on input line 4562.
Package hyperref Info: Backreferencing OFF on input line 4567.
Package hyperref Info: Implicit mode ON; LaTeX internals redefined.
Package hyperref Info: Bookmarks ON on input line 4800.
\c@Hy@tempcnt=\count194

(/usr/share/texlive/texmf-dist/tex/latex/url/url.sty
\Urlmuskip=\muskip17
Package: url 2013/09/16  ver 3.4  Verb mode for urls, etc.
)
LaTeX Info: Redefining \url on input line 5159.
\XeTeXLinkMargin=\dimen155

(/usr/share/texlive/texmf-dist/tex/generic/bitset/bitset.sty
Package: bitset 2019/12/09 v1.3 Handle bit-vector datatype (HO)

(/usr/share/texlive/texmf-dist/tex/generic/bigintcalc/bigintcalc.sty
Package: bigintcalc 2019/12/15 v1.5 Expandable calculations on big integers (HO
)
))
\Fld@menulength=\count195
\Field@Width=\dimen156
\Fld@charsize=\dimen157
Package hyperref Info: Hyper figures OFF on input line 6430.
Package hyperref Info: Link nesting OFF on input line 6435.
Package hyperref Info: Hyper index ON on input line 6438.
Package hyperref Info: backreferencing OFF on input line 6445.
Package hyperref Info: Link coloring OFF on input line 6450.
Package hyperref Info: Link coloring with OCG OFF on input line 6455.
Package hyperref Info: PDF/A mode OFF on input line 6460.
LaTeX Info: Redefining \ref on input line 6500.
LaTeX Info: Redefining \pageref on input line 6504.

(/usr/share/texlive/texmf-dist/tex/generic/atbegshi/atbegshi.sty
Package: atbegshi 2019/12/05 v1.19 At begin shipout hook (HO)
)
\Hy@abspage=\count196
\c@Item=\count197
\c@Hfootnote=\count198
)
Package hyperref Info: Driver (autodetected): hpdftex.

(/usr/share/texlive/texmf-dist/tex/latex/hyperref/hpdftex.def
File: hpdftex.def 2020/01/14 v7.00d Hyperref driver for pdfTeX

(/usr/share/texlive/texmf-dist/tex/latex/atveryend/atveryend.sty
Package: atveryend 2019-12-11 v1.11 Hooks at the very end of document (HO)
Package atveryend Info: \enddocument detected (standard20110627).
)
\Fld@listcount=\count199
\c@bookmark@seq@number=\count266

(/usr/share/texlive/texmf-dist/tex/latex/rerunfilecheck/rerunfilecheck.sty
Package: rerunfilecheck 2019/12/05 v1.9 Rerun checks for auxiliary files (HO)

(/usr/share/texlive/texmf-dist/tex/generic/uniquecounter/uniquecounter.sty
Package: uniquecounter 2019/12/15 v1.4 Provide unlimited unique counter (HO)
)
Package uniquecounter Info: New unique counter `rerunfilecheck' on input line 2
86.
)
\Hy@SectionHShift=\skip55
)
(/usr/share/texlive/texmf-dist/tex/latex/float/float.sty
Package: float 2001/11/08 v1.3d Float enhancements (AL)
\c@float@type=\count267
\float@exts=\toks29
\float@box=\box47
\@float@everytoks=\toks30
\@floatcapt=\box48
)
(/usr/share/texlive/texmf-dist/tex/latex/subfig/subfig.sty
Package: subfig 2005/06/28 ver: 1.3 subfig package

(/usr/share/texlive/texmf-dist/tex/latex/caption/caption.sty
Package: caption 2020/01/03 v3.4h Customizing captions (AR)

(/usr/share/texlive/texmf-dist/tex/latex/caption/caption3.sty
Package: caption3 2020/01/03 v1.8h caption3 kernel (AR)
Package caption3 Info: TeX engine: e-TeX on input line 61.
\captionmargin=\dimen158
\captionmargin@=\dimen159
\captionwidth=\dimen160
\caption@tempdima=\dimen161
\caption@indent=\dimen162
\caption@parindent=\dimen163
\caption@hangindent=\dimen164
Package caption Info: Standard document class detected.
)
\c@caption@flags=\count268
\c@continuedfloat=\count269
Package caption Info: float package is loaded.
Package caption Info: hyperref package is loaded.
)
\c@KVtest=\count270
\sf@farskip=\skip56
\sf@captopadj=\dimen165
\sf@capskip=\skip57
\sf@nearskip=\skip58
\c@subfigure=\count271
\c@subfigure@save=\count272
\c@lofdepth=\count273
\c@subtable=\count274
\c@subtable@save=\count275
\c@lotdepth=\count276
\sf@top=\skip59
\sf@bottom=\skip60
)
(/usr/share/texlive/texmf-dist/tex/latex/l3backend/l3backend-pdfmode.def
File: l3backend-pdfmode.def 2020-02-03 L3 backend support: PDF mode
\l__kernel_color_stack_int=\count277
\l__pdf_internal_box=\box49
)
(./Practica1Memoria.aux

LaTeX Warning: Label `fig:2figsA' multiply defined.


LaTeX Warning: Label `fig:2figsB' multiply defined.


LaTeX Warning: Label `fig:2figsB' multiply defined.


LaTeX Warning: Label `fig:2figsA' multiply defined.


LaTeX Warning: Label `fig:2figsB' multiply defined.


LaTeX Warning: Label `etiqueta' multiply defined.


LaTeX Warning: Label `etiqueta' multiply defined.


LaTeX Warning: Label `fig:2figsA' multiply defined.


LaTeX Warning: Label `fig:2figsB' multiply defined.


LaTeX Warning: Label `fig:2figsB' multiply defined.


LaTeX Warning: Label `fig:2figsA' multiply defined.


LaTeX Warning: Label `fig:2figsB' multiply defined.


LaTeX Warning: Label `fig:2figsB' multiply defined.


LaTeX Warning: Label `fig:2figsB' multiply defined.


LaTeX Warning: Label `fig:2figsA' multiply defined.


LaTeX Warning: Label `fig:2figsB' multiply defined.


LaTeX Warning: Label `fig:2figsA' multiply defined.


LaTeX Warning: Label `fig:2figsB' multiply defined.


LaTeX Warning: Label `fig:2figsA' multiply defined.


LaTeX Warning: Label `fig:2figsB' multiply defined.


LaTeX Warning: Label `etiqueta' multiply defined.


LaTeX Warning: Label `etiqueta' multiply defined.


LaTeX Warning: Label `etiqueta' multiply defined.


LaTeX Warning: Label `fig:2figsA' multiply defined.


LaTeX Warning: Label `fig:2figsB' multiply defined.


LaTeX Warning: Label `fig:2figsA' multiply defined.


LaTeX Warning: Label `fig:2figsB' multiply defined.


LaTeX Warning: Label `fig:2figsA' multiply defined.


LaTeX Warning: Label `fig:2figsB' multiply defined.


LaTeX Warning: Label `fig:2figsA' multiply defined.


LaTeX Warning: Label `fig:2figsB' multiply defined.


LaTeX Warning: Label `fig:2figsA' multiply defined.


LaTeX Warning: Label `fig:2figsB' multiply defined.


LaTeX Warning: Label `fig:2figsA' multiply defined.


LaTeX Warning: Label `fig:2figsB' multiply defined.


LaTeX Warning: Label `fig:2figsA' multiply defined.


LaTeX Warning: Label `fig:2figsB' multiply defined.


LaTeX Warning: Label `fig:2figsA' multiply defined.


LaTeX Warning: Label `fig:2figsB' multiply defined.


LaTeX Warning: Label `fig:2figsA' multiply defined.


LaTeX Warning: Label `fig:2figsB' multiply defined.


LaTeX Warning: Label `fig:2figsA' multiply defined.


LaTeX Warning: Label `fig:2figsB' multiply defined.


LaTeX Warning: Label `fig:2figsA' multiply defined.


LaTeX Warning: Label `fig:2figsB' multiply defined.


LaTeX Warning: Label `fig:2figsA' multiply defined.


LaTeX Warning: Label `fig:2figsB' multiply defined.

)
\openout1 = `Practica1Memoria.aux'.

LaTeX Font Info:    Checking defaults for OML/cmm/m/it on input line 41.
LaTeX Font Info:    ... okay on input line 41.
LaTeX Font Info:    Checking defaults for OMS/cmsy/m/n on input line 41.
LaTeX Font Info:    ... okay on input line 41.
LaTeX Font Info:    Checking defaults for OT1/cmr/m/n on input line 41.
LaTeX Font Info:    ... okay on input line 41.
LaTeX Font Info:    Checking defaults for T1/cmr/m/n on input line 41.
LaTeX Font Info:    ... okay on input line 41.
LaTeX Font Info:    Checking defaults for TS1/cmr/m/n on input line 41.
LaTeX Font Info:    ... okay on input line 41.
LaTeX Font Info:    Checking defaults for OMX/cmex/m/n on input line 41.
LaTeX Font Info:    ... okay on input line 41.
LaTeX Font Info:    Checking defaults for U/cmr/m/n on input line 41.
LaTeX Font Info:    ... okay on input line 41.
LaTeX Font Info:    Checking defaults for PD1/pdf/m/n on input line 41.
LaTeX Font Info:    ... okay on input line 41.
LaTeX Font Info:    Trying to load font information for T1+lmr on input line 41
.
 (/usr/share/texmf/tex/latex/lm/t1lmr.fd
File: t1lmr.fd 2009/10/30 v1.6 Font defs for Latin Modern
)
*geometry* driver: auto-detecting
*geometry* detected driver: pdftex
*geometry* verbose mode - [ preamble ] result:
* driver: pdftex
* paper: <default>
* layout: <same size as paper>
* layoutoffset:(h,v)=(0.0pt,0.0pt)
* modes: 
* h-part:(L,W,R)=(72.26999pt, 469.75502pt, 72.26999pt)
* v-part:(T,H,B)=(72.26999pt, 650.43001pt, 72.26999pt)
* \paperwidth=614.295pt
* \paperheight=794.96999pt
* \textwidth=469.75502pt
* \textheight=650.43001pt
* \oddsidemargin=0.0pt
* \evensidemargin=0.0pt
* \topmargin=-37.0pt
* \headheight=12.0pt
* \headsep=25.0pt
* \topskip=12.0pt
* \footskip=30.0pt
* \marginparwidth=44.0pt
* \marginparsep=10.0pt
* \columnsep=10.0pt
* \skip\footins=10.8pt plus 4.0pt minus 2.0pt
* \hoffset=0.0pt
* \voffset=0.0pt
* \mag=1000
* \@twocolumnfalse
* \@twosidefalse
* \@mparswitchfalse
* \@reversemarginfalse
* (1in=72.27pt=25.4mm, 1cm=28.453pt)

(/usr/share/texlive/texmf-dist/tex/context/base/mkii/supp-pdf.mkii
[Loading MPS to PDF converter (version 2006.09.02).]
\scratchcounter=\count278
\scratchdimen=\dimen166
\scratchbox=\box50
\nofMPsegments=\count279
\nofMParguments=\count280
\everyMPshowfont=\toks31
\MPscratchCnt=\count281
\MPscratchDim=\dimen167
\MPnumerator=\count282
\makeMPintoPDFobject=\count283
\everyMPtoPDFconversion=\toks32
) (/usr/share/texlive/texmf-dist/tex/latex/epstopdf-pkg/epstopdf-base.sty
Package: epstopdf-base 2020-01-24 v2.11 Base part for package epstopdf
Package epstopdf-base Info: Redefining graphics rule for `.eps' on input line 4
85.

(/usr/share/texlive/texmf-dist/tex/latex/latexconfig/epstopdf-sys.cfg
File: epstopdf-sys.cfg 2010/07/13 v1.3 Configuration of (r)epstopdf for TeX Liv
e
))
\AtBeginShipoutBox=\box51
Package hyperref Info: Link coloring OFF on input line 41.

(/usr/share/texlive/texmf-dist/tex/latex/hyperref/nameref.sty
Package: nameref 2019/09/16 v2.46 Cross-referencing by name of section

(/usr/share/texlive/texmf-dist/tex/latex/refcount/refcount.sty
Package: refcount 2019/12/15 v3.6 Data extraction from label references (HO)
)
(/usr/share/texlive/texmf-dist/tex/generic/gettitlestring/gettitlestring.sty
Package: gettitlestring 2019/12/15 v1.6 Cleanup title references (HO)
)
\c@section@level=\count284
)
LaTeX Info: Redefining \ref on input line 41.
LaTeX Info: Redefining \pageref on input line 41.
LaTeX Info: Redefining \nameref on input line 41.

(./Practica1Memoria.out) (./Practica1Memoria.out)
\@outlinefile=\write3
\openout3 = `Practica1Memoria.out'.

Package caption Info: Begin \AtBeginDocument code.
Package caption Info: subfig package v1.3 is loaded.
Package caption Info: End \AtBeginDocument code.
LaTeX Font Info:    Trying to load font information for OT1+lmr on input line 5
2.

(/usr/share/texmf/tex/latex/lm/ot1lmr.fd
File: ot1lmr.fd 2009/10/30 v1.6 Font defs for Latin Modern
)
LaTeX Font Info:    Trying to load font information for OML+lmm on input line 5
2.

(/usr/share/texmf/tex/latex/lm/omllmm.fd
File: omllmm.fd 2009/10/30 v1.6 Font defs for Latin Modern
)
LaTeX Font Info:    Trying to load font information for OMS+lmsy on input line 
52.

(/usr/share/texmf/tex/latex/lm/omslmsy.fd
File: omslmsy.fd 2009/10/30 v1.6 Font defs for Latin Modern
)
LaTeX Font Info:    Trying to load font information for OMX+lmex on input line 
52.

(/usr/share/texmf/tex/latex/lm/omxlmex.fd
File: omxlmex.fd 2009/10/30 v1.6 Font defs for Latin Modern
)
LaTeX Font Info:    External font `lmex10' loaded for size
(Font)              <14.4> on input line 52.
LaTeX Font Info:    External font `lmex10' loaded for size
(Font)              <10> on input line 52.
LaTeX Font Info:    External font `lmex10' loaded for size
(Font)              <7> on input line 52.
LaTeX Font Info:    Trying to load font information for U+msa on input line 52.


(/usr/share/texlive/texmf-dist/tex/latex/amsfonts/umsa.fd
File: umsa.fd 2013/01/14 v3.01 AMS symbols A
)
LaTeX Font Info:    Trying to load font information for U+msb on input line 52.


(/usr/share/texlive/texmf-dist/tex/latex/amsfonts/umsb.fd
File: umsb.fd 2013/01/14 v3.01 AMS symbols B
)
LaTeX Font Info:    Trying to load font information for T1+lmtt on input line 5
5.

(/usr/share/texmf/tex/latex/lm/t1lmtt.fd
File: t1lmtt.fd 2009/10/30 v1.6 Font defs for Latin Modern
)
Underfull \hbox (badness 10000) in paragraph at lines 53--59

 []

LaTeX Font Info:    External font `lmex10' loaded for size
(Font)              <12> on input line 64.
LaTeX Font Info:    External font `lmex10' loaded for size
(Font)              <8> on input line 64.
LaTeX Font Info:    External font `lmex10' loaded for size
(Font)              <6> on input line 64.

Underfull \hbox (badness 10000) in paragraph at lines 64--68

 []

[1

{/var/lib/texmf/fonts/map/pdftex/updmap/pdftex.map}]
<images/VectorAleat.png, id=18, 638.385pt x 479.7925pt>
File: images/VectorAleat.png Graphic file (type png)
<use images/VectorAleat.png>
Package pdftex.def Info: images/VectorAleat.png  used on input line 74.
(pdftex.def)             Requested size: 199.16928pt x 149.68587pt.
<images/VectorAleatMask.png, id=20, 641.39626pt x 483.8075pt>
File: images/VectorAleatMask.png Graphic file (type png)
<use images/VectorAleatMask.png>
Package pdftex.def Info: images/VectorAleatMask.png  used on input line 77.
(pdftex.def)             Requested size: 199.16928pt x 150.22977pt.
<images/GaussianMask.png, id=21, 640.3925pt x 481.8pt>
File: images/GaussianMask.png Graphic file (type png)
<use images/GaussianMask.png>
Package pdftex.def Info: images/GaussianMask.png  used on input line 87.
(pdftex.def)             Requested size: 288.17395pt x 216.80798pt.

Underfull \hbox (badness 10000) in paragraph at lines 96--98

 []


Underfull \hbox (badness 10000) in paragraph at lines 96--98

 []

[2 <./images/VectorAleat.png> <./images/VectorAleatMask.png> <./images/Gaussian
Mask.png>]
<images/OriginalCat.png, id=32, 308.65312pt x 271.76532pt>
File: images/OriginalCat.png Graphic file (type png)
<use images/OriginalCat.png>
Package pdftex.def Info: images/OriginalCat.png  used on input line 104.
(pdftex.def)             Requested size: 113.81102pt x 100.2074pt.
<images/GaussianCat.png, id=33, 308.65312pt x 271.76532pt>
File: images/GaussianCat.png Graphic file (type png)
<use images/GaussianCat.png>
Package pdftex.def Info: images/GaussianCat.png  used on input line 107.
(pdftex.def)             Requested size: 113.81102pt x 100.2074pt.

Underfull \hbox (badness 7576) in paragraph at lines 108--108
[]\T1/lmr/m/n/12 Figure 5: |Im-a-gen
 []

<images/GaussianCatBigSigma.png, id=34, 308.65312pt x 271.76532pt>
File: images/GaussianCatBigSigma.png Graphic file (type png)
<use images/GaussianCatBigSigma.png>
Package pdftex.def Info: images/GaussianCatBigSigma.png  used on input line 113
.
(pdftex.def)             Requested size: 113.81102pt x 100.2074pt.

Underfull \hbox (badness 5022) in paragraph at lines 114--114
\T1/lmr/m/n/12 fil-tro gaus-siano con
 []

<images/GaussianCatDeriv.png, id=35, 308.65312pt x 271.76532pt>
File: images/GaussianCatDeriv.png Graphic file (type png)
<use images/GaussianCatDeriv.png>
Package pdftex.def Info: images/GaussianCatDeriv.png  used on input line 125.
(pdftex.def)             Requested size: 142.26378pt x 125.26236pt.

Underfull \hbox (badness 1072) in paragraph at lines 125--125
[]\T1/lmr/m/n/12 Figure 7: |Más-cara gaus-
 []

<images/GaussianCatDeriv2.png, id=36, 308.65312pt x 271.76532pt>
File: images/GaussianCatDeriv2.png Graphic file (type png)
<use images/GaussianCatDeriv2.png>
Package pdftex.def Info: images/GaussianCatDeriv2.png  used on input line 128.
(pdftex.def)             Requested size: 142.26378pt x 125.26236pt.

Underfull \hbox (badness 1072) in paragraph at lines 129--129
[]\T1/lmr/m/n/12 Figure 8: |Más-cara gaus-
 []


Underfull \hbox (badness 10000) in paragraph at lines 119--132

 []

<images/GaussianCatBlur.png, id=37, 617.30624pt x 271.76532pt>
File: images/GaussianCatBlur.png Graphic file (type png)
<use images/GaussianCatBlur.png>
Package pdftex.def Info: images/GaussianCatBlur.png  used on input line 137.
(pdftex.def)             Requested size: 277.78523pt x 122.29326pt.

Underfull \hbox (badness 10000) in paragraph at lines 134--140

 []

[3 <./images/OriginalCat.png (PNG copy)> <./images/GaussianCat.png (PNG copy)> 
<./images/GaussianCatBigSigma.png (PNG copy)> <./images/GaussianCatDeriv.png (P
NG copy)> <./images/GaussianCatDeriv2.png (PNG copy)>]
<images/GaussianCatBW.png, id=45, 308.65312pt x 271.76532pt>
File: images/GaussianCatBW.png Graphic file (type png)
<use images/GaussianCatBW.png>
Package pdftex.def Info: images/GaussianCatBW.png  used on input line 143.
(pdftex.def)             Requested size: 138.89261pt x 122.29326pt.
<images/GaussianaGetDerivKernels.png, id=46, 462.528pt x 346.896pt>
File: images/GaussianaGetDerivKernels.png Graphic file (type png)
<use images/GaussianaGetDerivKernels.png>
Package pdftex.def Info: images/GaussianaGetDerivKernels.png  used on input lin
e 157.
(pdftex.def)             Requested size: 199.16928pt x 149.37938pt.
<images/DerivGaussianaGetDerivKernels.png, id=47, 462.528pt x 346.896pt>
File: images/DerivGaussianaGetDerivKernels.png Graphic file (type png)
<use images/DerivGaussianaGetDerivKernels.png>
Package pdftex.def Info: images/DerivGaussianaGetDerivKernels.png  used on inpu
t line 160.
(pdftex.def)             Requested size: 199.16928pt x 149.37938pt.
<images/DobleDerivGaussianaGetDerivKernels.png, id=48, 462.528pt x 346.896pt>
File: images/DobleDerivGaussianaGetDerivKernels.png Graphic file (type png)
<use images/DobleDerivGaussianaGetDerivKernels.png>
Package pdftex.def Info: images/DobleDerivGaussianaGetDerivKernels.png  used on
 input line 166.
(pdftex.def)             Requested size: 199.16928pt x 149.37938pt.
 [4 <./images/GaussianCatBlur.png (PNG copy)> <./images/GaussianCatBW.png (PNG 
copy)>]
<images/GetDerivKernelsCat2.png, id=56, 308.65312pt x 271.76532pt>
File: images/GetDerivKernelsCat2.png Graphic file (type png)
<use images/GetDerivKernelsCat2.png>
Package pdftex.def Info: images/GetDerivKernelsCat2.png  used on input line 179
.
(pdftex.def)             Requested size: 199.16928pt x 175.37228pt.

Underfull \hbox (badness 1990) in paragraph at lines 179--179
[]\T1/lmr/m/n/12 Figure 14: |Apli-a-cada más-cara sin
 []

<images/GetDerivKernelsCat4.png, id=57, 308.65312pt x 271.76532pt>
File: images/GetDerivKernelsCat4.png Graphic file (type png)
<use images/GetDerivKernelsCat4.png>
Package pdftex.def Info: images/GetDerivKernelsCat4.png  used on input line 182
.
(pdftex.def)             Requested size: 199.16928pt x 175.37228pt.

Underfull \hbox (badness 1990) in paragraph at lines 183--183
[]\T1/lmr/m/n/12 Figure 15: |Apli-a-cada más-cara sin
 []

<images/GetDerivKernelsCatDeriv.png, id=58, 308.65312pt x 271.76532pt>
File: images/GetDerivKernelsCatDeriv.png Graphic file (type png)
<use images/GetDerivKernelsCatDeriv.png>
Package pdftex.def Info: images/GetDerivKernelsCatDeriv.png  used on input line
 188.
(pdftex.def)             Requested size: 199.16928pt x 175.37228pt.
<images/GetDerivKernelsCatDobleDeriv.png, id=59, 308.65312pt x 271.76532pt>
File: images/GetDerivKernelsCatDobleDeriv.png Graphic file (type png)
<use images/GetDerivKernelsCatDobleDeriv.png>
Package pdftex.def Info: images/GetDerivKernelsCatDobleDeriv.png  used on input
 line 194.
(pdftex.def)             Requested size: 199.16928pt x 175.37228pt.
[5 <./images/GaussianaGetDerivKernels.png> <./images/DerivGaussianaGetDerivKern
els.png> <./images/DobleDerivGaussianaGetDerivKernels.png>]
Underfull \hbox (badness 10000) in paragraph at lines 204--206

 []

[6 <./images/GetDerivKernelsCat2.png (PNG copy)> <./images/GetDerivKernelsCat4.
png (PNG copy)> <./images/GetDerivKernelsCatDeriv.png (PNG copy)> <./images/Get
DerivKernelsCatDobleDeriv.png (PNG copy)>]
<images/Lap1cero.png, id=75, 308.65312pt x 271.76532pt>
File: images/Lap1cero.png Graphic file (type png)
<use images/Lap1cero.png>
Package pdftex.def Info: images/Lap1cero.png  used on input line 212.
(pdftex.def)             Requested size: 142.26378pt x 125.26236pt.
<images/Lap3cero.png, id=76, 308.65312pt x 271.76532pt>
File: images/Lap3cero.png Graphic file (type png)
<use images/Lap3cero.png>
Package pdftex.def Info: images/Lap3cero.png  used on input line 215.
(pdftex.def)             Requested size: 142.26378pt x 125.26236pt.
<images/Lap1reflejo.png, id=77, 308.65312pt x 271.76532pt>
File: images/Lap1reflejo.png Graphic file (type png)
<use images/Lap1reflejo.png>
Package pdftex.def Info: images/Lap1reflejo.png  used on input line 226.
(pdftex.def)             Requested size: 142.26378pt x 125.26236pt.
<images/Lap3reflejo.png, id=78, 308.65312pt x 271.76532pt>
File: images/Lap3reflejo.png Graphic file (type png)
<use images/Lap3reflejo.png>
Package pdftex.def Info: images/Lap3reflejo.png  used on input line 229.
(pdftex.def)             Requested size: 142.26378pt x 125.26236pt.
<images/LapMask1.png, id=79, 51.19125pt x 51.19125pt>
File: images/LapMask1.png Graphic file (type png)
<use images/LapMask1.png>
Package pdftex.def Info: images/LapMask1.png  used on input line 243.
(pdftex.def)             Requested size: 142.26378pt x 142.27374pt.
<images/LapMask3.png, id=80, 51.19125pt x 51.19125pt>
File: images/LapMask3.png Graphic file (type png)
<use images/LapMask3.png>
Package pdftex.def Info: images/LapMask3.png  used on input line 246.
(pdftex.def)             Requested size: 142.26378pt x 142.27374pt.
 [7 <./images/Lap1cero.png (PNG copy)> <./images/Lap3cero.png (PNG copy)> <./im
ages/Lap1reflejo.png (PNG copy)> <./images/Lap3reflejo.png (PNG copy)>]
Overfull \hbox (3.43408pt too wide) in paragraph at lines 256--261
\T1/lmr/m/n/12 Para generar las imá-genes de la pirámide, he creado una fun-ció
n lla-mada \T1/lmtt/m/n/12 piramideGaussiana\T1/lmr/m/n/12 .
 []


Underfull \hbox (badness 10000) in paragraph at lines 256--261

 []

<images/PiramideGaussianaGato.png, id=88, 462.97969pt x 271.76532pt>
File: images/PiramideGaussianaGato.png Graphic file (type png)
<use images/PiramideGaussianaGato.png>
Package pdftex.def Info: images/PiramideGaussianaGato.png  used on input line 2
64.
(pdftex.def)             Requested size: 254.6396pt x 149.47137pt.
[8 <./images/LapMask1.png (PNG copy)> <./images/LapMask3.png (PNG copy)>]
Underfull \hbox (badness 10000) in paragraph at lines 273--276

 []

<images/PiramideLaplacianaGato.png, id=96, 462.97969pt x 271.76532pt>
File: images/PiramideLaplacianaGato.png Graphic file (type png)
<use images/PiramideLaplacianaGato.png>
Package pdftex.def Info: images/PiramideLaplacianaGato.png  used on input line 
279.
(pdftex.def)             Requested size: 254.6396pt x 149.47137pt.
[9 <./images/PiramideGaussianaGato.png (PNG copy)> <./images/PiramideLaplaciana
Gato.png (PNG copy)>]
<images/GatoReconstruido.png, id=104, 308.65312pt x 271.76532pt>
File: images/GatoReconstruido.png Graphic file (type png)
<use images/GatoReconstruido.png>
Package pdftex.def Info: images/GatoReconstruido.png  used on input line 288.
(pdftex.def)             Requested size: 169.75974pt x 149.47137pt.
<images/ImagenGP.png, id=105, 925.95938pt x 271.76532pt>
File: images/ImagenGP.png Graphic file (type png)
<use images/ImagenGP.png>
Package pdftex.def Info: images/ImagenGP.png  used on input line 306.
(pdftex.def)             Requested size: 256.0748pt x 75.15659pt.
<images/PirGP.png, id=106, 462.97969pt x 271.76532pt>
File: images/PirGP.png Graphic file (type png)
<use images/PirGP.png>
Package pdftex.def Info: images/PirGP.png  used on input line 308.
(pdftex.def)             Requested size: 256.0748pt x 150.31317pt.

Underfull \hbox (badness 10000) in paragraph at lines 295--312

 []


Underfull \hbox (badness 10000) in paragraph at lines 295--312

 []


Underfull \hbox (badness 10000) in paragraph at lines 295--312

 []


Underfull \hbox (badness 10000) in paragraph at lines 295--312

 []


Underfull \hbox (badness 10000) in paragraph at lines 295--312

 []


Underfull \hbox (badness 10000) in paragraph at lines 295--312

 []


Underfull \hbox (badness 10000) in paragraph at lines 295--312

 []


Underfull \hbox (badness 10000) in paragraph at lines 295--312

 []


Underfull \hbox (badness 10000) in paragraph at lines 295--312

 []


Underfull \hbox (badness 10000) in paragraph at lines 295--312

 []


Underfull \hbox (badness 10000) in paragraph at lines 295--312

 []

[10 <./images/GatoReconstruido.png (PNG copy)>]
<images/ImagenMB.png, id=113, 1023.07219pt x 225.84375pt>
File: images/ImagenMB.png Graphic file (type png)
<use images/ImagenMB.png>
Package pdftex.def Info: images/ImagenMB.png  used on input line 321.
(pdftex.def)             Requested size: 256.0748pt x 56.52626pt.
<images/PirMB.png, id=114, 511.9125pt x 225.84375pt>
File: images/PirMB.png Graphic file (type png)
<use images/PirMB.png>
Package pdftex.def Info: images/PirMB.png  used on input line 323.
(pdftex.def)             Requested size: 256.0748pt x 112.97328pt.
<images/ImagenPS.png, id=115, 846.91406pt x 231.11343pt>
File: images/ImagenPS.png Graphic file (type png)
<use images/ImagenPS.png>
Package pdftex.def Info: images/ImagenPS.png  used on input line 336.
(pdftex.def)             Requested size: 256.0748pt x 69.87764pt.
<images/PirPS.png, id=116, 423.83344pt x 231.11343pt>
File: images/PirPS.png Graphic file (type png)
<use images/PirPS.png>
Package pdftex.def Info: images/PirPS.png  used on input line 338.
(pdftex.def)             Requested size: 256.0748pt x 139.63892pt.
 [11 <./images/ImagenGP.png (PNG copy)> <./images/PirGP.png (PNG copy)> <./imag
es/ImagenMB.png (PNG copy)> <./images/PirMB.png (PNG copy)>]
<images/ImagenPA.png, id=123, 846.91406pt x 249.18094pt>
File: images/ImagenPA.png Graphic file (type png)
<use images/ImagenPA.png>
Package pdftex.def Info: images/ImagenPA.png  used on input line 351.
(pdftex.def)             Requested size: 256.0748pt x 75.34038pt.
<images/PirPA.png, id=124, 423.83344pt x 249.18094pt>
File: images/PirPA.png Graphic file (type png)
<use images/PirPA.png>
Package pdftex.def Info: images/PirPA.png  used on input line 353.
(pdftex.def)             Requested size: 256.0748pt x 150.5553pt.
 [12 <./images/ImagenPS.png (PNG copy)> <./images/PirPS.png (PNG copy)>]
<images/ImagenEM.png, id=130, 508.14844pt x 199.49532pt>
File: images/ImagenEM.png Graphic file (type png)
<use images/ImagenEM.png>
Package pdftex.def Info: images/ImagenEM.png  used on input line 366.
(pdftex.def)             Requested size: 227.62204pt x 89.3611pt.
<images/PirEM.png, id=131, 254.45062pt x 199.49532pt>
File: images/PirEM.png Graphic file (type png)
<use images/PirEM.png>
Package pdftex.def Info: images/PirEM.png  used on input line 368.
(pdftex.def)             Requested size: 227.62204pt x 178.46956pt.

Underfull \hbox (badness 10000) in paragraph at lines 376--377

 []

[13 <./images/ImagenPA.png (PNG copy)> <./images/PirPA.png (PNG copy)> <./image
s/ImagenEM.png (PNG copy)> <./images/PirEM.png (PNG copy)>]
<images/ImagenGPCol.png, id=139, 925.95938pt x 271.76532pt>
File: images/ImagenGPCol.png Graphic file (type png)
<use images/ImagenGPCol.png>
Package pdftex.def Info: images/ImagenGPCol.png  used on input line 383.
(pdftex.def)             Requested size: 227.62204pt x 66.80493pt.
<images/PirGPCol.png, id=140, 462.97969pt x 271.76532pt>
File: images/PirGPCol.png Graphic file (type png)
<use images/PirGPCol.png>
Package pdftex.def Info: images/PirGPCol.png  used on input line 385.
(pdftex.def)             Requested size: 227.62204pt x 133.61401pt.
<images/ImagenMBCol.png, id=141, 1023.07219pt x 225.84375pt>
File: images/ImagenMBCol.png Graphic file (type png)
<use images/ImagenMBCol.png>
Package pdftex.def Info: images/ImagenMBCol.png  used on input line 396.
(pdftex.def)             Requested size: 227.62204pt x 50.24748pt.
<images/PirMBCol.png, id=142, 511.9125pt x 225.84375pt>
File: images/PirMBCol.png Graphic file (type png)
<use images/PirMBCol.png>
Package pdftex.def Info: images/PirMBCol.png  used on input line 398.
(pdftex.def)             Requested size: 227.62204pt x 100.41916pt.
<images/ImagenPSCol.png, id=143, 846.91406pt x 231.11343pt>
File: images/ImagenPSCol.png Graphic file (type png)
<use images/ImagenPSCol.png>
Package pdftex.def Info: images/ImagenPSCol.png  used on input line 409.
(pdftex.def)             Requested size: 227.62204pt x 62.11581pt.
<images/PirPSCol.png, id=144, 423.83344pt x 231.11343pt>
File: images/PirPSCol.png Graphic file (type png)
<use images/PirPSCol.png>
Package pdftex.def Info: images/PirPSCol.png  used on input line 411.
(pdftex.def)             Requested size: 227.62204pt x 124.11877pt.
<images/ImagenPACol.png, id=145, 846.91406pt x 249.18094pt>
File: images/ImagenPACol.png Graphic file (type png)
<use images/ImagenPACol.png>
Package pdftex.def Info: images/ImagenPACol.png  used on input line 422.
(pdftex.def)             Requested size: 227.62204pt x 66.97177pt.
<images/PirPACol.png, id=146, 423.83344pt x 249.18094pt>
File: images/PirPACol.png Graphic file (type png)
<use images/PirPACol.png>
Package pdftex.def Info: images/PirPACol.png  used on input line 424.
(pdftex.def)             Requested size: 227.62204pt x 133.82187pt.
 [14 <./images/ImagenGPCol.png (PNG copy)> <./images/PirGPCol.png (PNG copy)> <
./images/ImagenMBCol.png (PNG copy)> <./images/PirMBCol.png (PNG copy)> <./imag
es/ImagenPSCol.png (PNG copy)> <./images/PirPSCol.png (PNG copy)>]
<images/ImagenEMCol.png, id=155, 508.14844pt x 199.49532pt>
File: images/ImagenEMCol.png Graphic file (type png)
<use images/ImagenEMCol.png>
Package pdftex.def Info: images/ImagenEMCol.png  used on input line 435.
(pdftex.def)             Requested size: 227.62204pt x 89.3611pt.
<images/PirEMCol.png, id=156, 254.45062pt x 199.49532pt>
File: images/PirEMCol.png Graphic file (type png)
<use images/PirEMCol.png>
Package pdftex.def Info: images/PirEMCol.png  used on input line 437.
(pdftex.def)             Requested size: 227.62204pt x 178.46956pt.
<images/lobo.png, id=157, 896.34875pt x 538.01pt>
File: images/lobo.png Graphic file (type png)
<use images/lobo.png>
Package pdftex.def Info: images/lobo.png  used on input line 455.
(pdftex.def)             Requested size: 227.62204pt x 136.62018pt.
<images/tigre.png, id=158, 579.16376pt x 386.44376pt>
File: images/tigre.png Graphic file (type png)
<use images/tigre.png>
Package pdftex.def Info: images/tigre.png  used on input line 457.
(pdftex.def)             Requested size: 227.62204pt x 151.87999pt.
 [15 <./images/ImagenPACol.png (PNG copy)> <./images/PirPACol.png (PNG copy)> <
./images/ImagenEMCol.png (PNG copy)> <./images/PirEMCol.png (PNG copy)>]
<images/ImagenLT.png, id=166, 1303.11844pt x 289.83281pt>
File: images/ImagenLT.png Graphic file (type png)
<use images/ImagenLT.png>
Package pdftex.def Info: images/ImagenLT.png  used on input line 470.
(pdftex.def)             Requested size: 426.79134pt x 94.92426pt.
<images/PirLT.png, id=167, 651.93562pt x 289.83281pt>
File: images/PirLT.png Graphic file (type png)
<use images/PirLT.png>
Package pdftex.def Info: images/PirLT.png  used on input line 472.
(pdftex.def)             Requested size: 426.79134pt x 189.74678pt.
Package atveryend Info: Empty hook `BeforeClearDocument' on input line 482.
 [16 <./images/lobo.png> <./images/tigre.png> <./images/ImagenLT.png (PNG copy)
> <./images/PirLT.png (PNG copy)>]
Package atveryend Info: Empty hook `AfterLastShipout' on input line 482.

(./Practica1Memoria.aux)
Package atveryend Info: Executing hook `AtVeryEndDocument' on input line 482.
Package atveryend Info: Executing hook `AtEndAfterFileList' on input line 482.
Package rerunfilecheck Info: File `Practica1Memoria.out' has not changed.
(rerunfilecheck)             Checksum: D41D8CD98F00B204E9800998ECF8427E;0.


LaTeX Warning: There were multiply-defined labels.

Package atveryend Info: Empty hook `AtVeryVeryEnd' on input line 482.
 ) 
Here is how much of TeX's memory you used:
 8825 strings out of 483007
 136020 string characters out of 5961757
 388203 words of memory out of 5000000
 23593 multiletter control sequences out of 15000+600000
 576051 words of font info for 64 fonts, out of 8000000 for 9000
 107 hyphenation exceptions out of 8191
 50i,8n,48p,962b,350s stack positions out of 5000i,500n,10000p,200000b,80000s
{/usr/share/texmf/fonts/enc/dvips/lm/lm-rm.enc}{/usr/share/texmf/fonts/enc/dv
ips/lm/lm-mathsy.enc}{/usr/share/texmf/fonts/enc/dvips/lm/lm-mathit.enc}{/usr/s
hare/texmf/fonts/enc/dvips/lm/lm-ec.enc}</usr/share/texmf/fonts/type1/public/lm
/lmbx12.pfb></usr/share/texmf/fonts/type1/public/lm/lmmi12.pfb></usr/share/texm
f/fonts/type1/public/lm/lmr12.pfb></usr/share/texmf/fonts/type1/public/lm/lmr17
.pfb></usr/share/texmf/fonts/type1/public/lm/lmr8.pfb></usr/share/texmf/fonts/t
ype1/public/lm/lmsy10.pfb></usr/share/texmf/fonts/type1/public/lm/lmtt12.pfb>
Output written on Practica1Memoria.pdf (16 pages, 9573438 bytes).
PDF statistics:
 220 PDF objects out of 1000 (max. 8388607)
 135 compressed objects within 2 object streams
 55 named destinations out of 1000 (max. 500000)
 251 words of extra memory for PDF output out of 10000 (max. 10000000)

